[debug] [2024-11-05T07:28:45.950Z] ----------------------------------------------------------------------
[debug] [2024-11-05T07:28:45.952Z] Command:       C:\Program Files\nodejs\node.exe C:\Users\user\AppData\Roaming\npm\node_modules\firebase-tools\lib\bin\firebase.js init
[debug] [2024-11-05T07:28:45.952Z] CLI Version:   13.24.0
[debug] [2024-11-05T07:28:45.953Z] Platform:      win32
[debug] [2024-11-05T07:28:45.953Z] Node Version:  v22.11.0
[debug] [2024-11-05T07:28:45.953Z] Time:          Tue Nov 05 2024 15:28:45 GMT+0800 (Malaysia Time)
[debug] [2024-11-05T07:28:45.953Z] ----------------------------------------------------------------------
[debug] 
[debug] [2024-11-05T07:28:45.959Z] > command requires scopes: ["email","openid","https://www.googleapis.com/auth/cloudplatformprojects.readonly","https://www.googleapis.com/auth/firebase","https://www.googleapis.com/auth/cloud-platform"]
[debug] [2024-11-05T07:28:45.960Z] > authorizing via signed-in user (yapnc1008@gmail.com)
[info] 
     ######## #### ########  ######## ########     ###     ######  ########
     ##        ##  ##     ## ##       ##     ##  ##   ##  ##       ##
     ######    ##  ########  ######   ########  #########  ######  ######
     ##        ##  ##    ##  ##       ##     ## ##     ##       ## ##
     ##       #### ##     ## ######## ########  ##     ##  ######  ########

You're about to initialize a Firebase project in this directory:

  C:\xampp\htdocs\skweb

Before we get started, keep in mind:

  * You are currently outside your home directory

[info] 
=== Project Setup
[info] 
[info] First, let's associate this project directory with a Firebase project.
[info] You can create multiple project aliases by running firebase use --add, 
[info] but for now we'll just set up a default project.
[info] 
[debug] [2024-11-05T07:28:53.524Z] Checked if tokens are valid: true, expires at: 1730794463625
[debug] [2024-11-05T07:28:53.525Z] Checked if tokens are valid: true, expires at: 1730794463625
[debug] [2024-11-05T07:28:53.526Z] >>> [apiv2][query] GET https://firebase.googleapis.com/v1beta1/projects pageSize=100
[debug] [2024-11-05T07:28:54.168Z] <<< [apiv2][status] GET https://firebase.googleapis.com/v1beta1/projects 200
[debug] [2024-11-05T07:28:54.168Z] <<< [apiv2][body] GET https://firebase.googleapis.com/v1beta1/projects [omitted]
[info] i  Using project login-2dac5 (google-login) 
[info] 
=== Dataconnect Setup
[debug] [2024-11-05T07:28:55.684Z] Checked if tokens are valid: true, expires at: 1730794463625
[debug] [2024-11-05T07:28:55.684Z] Checked if tokens are valid: true, expires at: 1730794463625
[debug] [2024-11-05T07:28:55.684Z] >>> [apiv2][query] GET https://cloudbilling.googleapis.com/v1/projects/login-2dac5/billingInfo [none]
[debug] [2024-11-05T07:28:56.995Z] <<< [apiv2][status] GET https://cloudbilling.googleapis.com/v1/projects/login-2dac5/billingInfo 200
[debug] [2024-11-05T07:28:56.995Z] <<< [apiv2][body] GET https://cloudbilling.googleapis.com/v1/projects/login-2dac5/billingInfo {"name":"projects/login-2dac5/billingInfo","projectId":"login-2dac5","billingAccountName":"","billingEnabled":false}
[info] i  dataconnect: ensuring required API sqladmin.googleapis.com is enabled... 
[debug] [2024-11-05T07:28:56.996Z] Checked if tokens are valid: true, expires at: 1730794463625
[debug] [2024-11-05T07:28:56.996Z] Checked if tokens are valid: true, expires at: 1730794463625
[debug] [2024-11-05T07:28:56.996Z] >>> [apiv2][query] GET https://serviceusage.googleapis.com/v1/projects/login-2dac5/services/sqladmin.googleapis.com [none]
[debug] [2024-11-05T07:28:56.996Z] >>> [apiv2][(partial)header] GET https://serviceusage.googleapis.com/v1/projects/login-2dac5/services/sqladmin.googleapis.com x-goog-quota-user=projects/login-2dac5
[debug] [2024-11-05T07:28:58.430Z] <<< [apiv2][status] GET https://serviceusage.googleapis.com/v1/projects/login-2dac5/services/sqladmin.googleapis.com 200
[debug] [2024-11-05T07:28:58.430Z] <<< [apiv2][body] GET https://serviceusage.googleapis.com/v1/projects/login-2dac5/services/sqladmin.googleapis.com [omitted]
[info] +  dataconnect: required API sqladmin.googleapis.com is enabled 
[info] i  dataconnect\dataconnect.yaml is unchanged 
[info] i  dataconnect\schema\schema.gql is unchanged 
[info] +  Wrote dataconnect\connector\connector.yaml 
[info] i  dataconnect\connector\queries.gql is unchanged 
[info] i  dataconnect\connector\mutations.gql is unchanged 
[info] +  Detected WEB app in directory C:\xampp\htdocs\skweb 
[info] i  Wrote new config to C:\xampp\htdocs\skweb\dataconnect\connector/connector.yaml 
[info] I1105 15:29:04.544091   32784 codegen.go:82] [connector "default" javascriptSdk] Generating sources into "C:\\xampp\\htdocs\\skweb\\dataconnect-generated\\js\\default-connector"
I1105 15:29:04.576630   32784 generate.go:40] Generated all sources. Writing them to disk...
I1105 15:29:04.579740   32784 collector.go:107] connector "default" javascriptSdk wrote into "C:\\xampp\\htdocs\\skweb\\dataconnect-generated\\js\\default-connector"
Generated sources: index.d.ts [264B] esm\index.esm.js [178B] esm\package.json [17B] index.cjs.js [219B] package.json [623B] 
I1105 15:29:04.588576   32784 installsdk.go:76] Running command: C:\Program Files\nodejs\npm.cmd install file:dataconnect-generated\js\default-connector

[info] i  Generated SDK code for default 
[info] +  If you'd like to add more generated SDKs to your app your later, run firebase init dataconnect:sdk again 
[info] i  If you'd like to provision a CloudSQL Postgres instance on the Firebase Data Connect no-cost trial:
1. Please upgrade to the pay-as-you-go (Blaze) billing plan. Visit the following page:
     https://console.firebase.google.com/project/login-2dac5/usage/details
2. Run firebase init dataconnect again to configure the Cloud SQL instance.
3. Run firebase deploy --only dataconnect to deploy your Data Connect service. 
[info] 
=== Firestore Setup
[debug] [2024-11-05T07:29:06.127Z] Checked if tokens are valid: true, expires at: 1730794463625
[debug] [2024-11-05T07:29:06.127Z] Checked if tokens are valid: true, expires at: 1730794463625
[debug] [2024-11-05T07:29:06.127Z] >>> [apiv2][query] GET https://serviceusage.googleapis.com/v1/projects/login-2dac5/services/firestore.googleapis.com [none]
[debug] [2024-11-05T07:29:06.127Z] >>> [apiv2][(partial)header] GET https://serviceusage.googleapis.com/v1/projects/login-2dac5/services/firestore.googleapis.com x-goog-quota-user=projects/login-2dac5
[debug] [2024-11-05T07:29:07.526Z] <<< [apiv2][status] GET https://serviceusage.googleapis.com/v1/projects/login-2dac5/services/firestore.googleapis.com 200
[debug] [2024-11-05T07:29:07.526Z] <<< [apiv2][body] GET https://serviceusage.googleapis.com/v1/projects/login-2dac5/services/firestore.googleapis.com [omitted]
[debug] [2024-11-05T07:29:07.527Z] Checked if tokens are valid: true, expires at: 1730794463625
[debug] [2024-11-05T07:29:07.527Z] Checked if tokens are valid: true, expires at: 1730794463625
[debug] [2024-11-05T07:29:07.527Z] >>> [apiv2][query] GET https://firestore.googleapis.com/v1/projects/login-2dac5/databases/(default) [none]
[debug] [2024-11-05T07:29:08.913Z] <<< [apiv2][status] GET https://firestore.googleapis.com/v1/projects/login-2dac5/databases/(default) 200
[debug] [2024-11-05T07:29:08.914Z] <<< [apiv2][body] GET https://firestore.googleapis.com/v1/projects/login-2dac5/databases/(default) {"name":"projects/login-2dac5/databases/(default)","uid":"12d364f4-d549-4924-9b5b-866ccfe2715d","createTime":"2024-11-05T07:21:35.907269Z","updateTime":"2024-11-05T07:21:35.907269Z","locationId":"nam5","type":"FIRESTORE_NATIVE","concurrencyMode":"PESSIMISTIC","versionRetentionPeriod":"3600s","earliestVersionTime":"2024-11-05T07:21:35.907269Z","appEngineIntegrationMode":"DISABLED","keyPrefix":"s","pointInTimeRecoveryEnablement":"POINT_IN_TIME_RECOVERY_DISABLED","deleteProtectionState":"DELETE_PROTECTION_DISABLED","etag":"IPjJm9vVxIkDMMv856XUxIkD"}
[debug] [2024-11-05T07:29:08.914Z] database_type: FIRESTORE_NATIVE
[debug] [2024-11-05T07:29:08.914Z] database_type: FIRESTORE_NATIVE
[debug] [2024-11-05T07:29:08.914Z] > command requires scopes: ["email","openid","https://www.googleapis.com/auth/cloudplatformprojects.readonly","https://www.googleapis.com/auth/firebase","https://www.googleapis.com/auth/cloud-platform"]
[debug] [2024-11-05T07:29:08.914Z] > authorizing via signed-in user (yapnc1008@gmail.com)
[debug] [2024-11-05T07:29:08.914Z] [iam] checking project login-2dac5 for permissions ["firebase.projects.get"]
[debug] [2024-11-05T07:29:08.915Z] Checked if tokens are valid: true, expires at: 1730794463625
[debug] [2024-11-05T07:29:08.915Z] Checked if tokens are valid: true, expires at: 1730794463625
[debug] [2024-11-05T07:29:08.915Z] >>> [apiv2][query] POST https://cloudresourcemanager.googleapis.com/v1/projects/login-2dac5:testIamPermissions [none]
[debug] [2024-11-05T07:29:08.915Z] >>> [apiv2][(partial)header] POST https://cloudresourcemanager.googleapis.com/v1/projects/login-2dac5:testIamPermissions x-goog-quota-user=projects/login-2dac5
[debug] [2024-11-05T07:29:08.915Z] >>> [apiv2][body] POST https://cloudresourcemanager.googleapis.com/v1/projects/login-2dac5:testIamPermissions {"permissions":["firebase.projects.get"]}
[debug] [2024-11-05T07:29:09.978Z] <<< [apiv2][status] POST https://cloudresourcemanager.googleapis.com/v1/projects/login-2dac5:testIamPermissions 200
[debug] [2024-11-05T07:29:09.979Z] <<< [apiv2][body] POST https://cloudresourcemanager.googleapis.com/v1/projects/login-2dac5:testIamPermissions {"permissions":["firebase.projects.get"]}
[info] 
[info] Firestore Security Rules allow you to define how and when to allow
[info] requests. You can keep these rules in your project directory
[info] and publish them with firebase deploy.
[info] 
[debug] [2024-11-05T07:29:37.140Z] Checked if tokens are valid: true, expires at: 1730794463625
[debug] [2024-11-05T07:29:37.140Z] Checked if tokens are valid: true, expires at: 1730794463625
[debug] [2024-11-05T07:29:37.140Z] >>> [apiv2][query] GET https://firebaserules.googleapis.com/v1/projects/login-2dac5/releases pageSize=10&pageToken=
[debug] [2024-11-05T07:29:38.497Z] <<< [apiv2][status] GET https://firebaserules.googleapis.com/v1/projects/login-2dac5/releases 200
[debug] [2024-11-05T07:29:38.497Z] <<< [apiv2][body] GET https://firebaserules.googleapis.com/v1/projects/login-2dac5/releases {"releases":[{"name":"projects/login-2dac5/releases/cloud.firestore","rulesetName":"projects/login-2dac5/rulesets/80e5b99d-fbcb-4a07-a3b1-c23b1f19db3f","createTime":"2024-11-05T07:21:41.945188Z","updateTime":"2024-11-05T07:21:41.945188Z"}]}
[debug] [2024-11-05T07:29:38.498Z] Found ruleset: projects/login-2dac5/rulesets/80e5b99d-fbcb-4a07-a3b1-c23b1f19db3f
[debug] [2024-11-05T07:29:38.498Z] Checked if tokens are valid: true, expires at: 1730794463625
[debug] [2024-11-05T07:29:38.498Z] Checked if tokens are valid: true, expires at: 1730794463625
[debug] [2024-11-05T07:29:38.498Z] >>> [apiv2][query] GET https://firebaserules.googleapis.com/v1/projects/login-2dac5/rulesets/80e5b99d-fbcb-4a07-a3b1-c23b1f19db3f [none]
[debug] [2024-11-05T07:29:39.780Z] <<< [apiv2][status] GET https://firebaserules.googleapis.com/v1/projects/login-2dac5/rulesets/80e5b99d-fbcb-4a07-a3b1-c23b1f19db3f 200
[debug] [2024-11-05T07:29:39.780Z] <<< [apiv2][body] GET https://firebaserules.googleapis.com/v1/projects/login-2dac5/rulesets/80e5b99d-fbcb-4a07-a3b1-c23b1f19db3f [omitted]
[info] 
[info] Firestore indexes allow you to perform complex queries while
[info] maintaining performance that scales with the size of the result
[info] set. You can keep index definitions in your project directory
[info] and publish them with firebase deploy.
[info] 
[debug] [2024-11-05T07:29:39.787Z] Checked if tokens are valid: true, expires at: 1730794463625
[debug] [2024-11-05T07:29:39.787Z] Checked if tokens are valid: true, expires at: 1730794463625
[debug] [2024-11-05T07:29:39.787Z] Checked if tokens are valid: true, expires at: 1730794463625
[debug] [2024-11-05T07:29:39.788Z] Checked if tokens are valid: true, expires at: 1730794463625
[debug] [2024-11-05T07:29:39.788Z] >>> [apiv2][query] GET https://firestore.googleapis.com/v1/projects/login-2dac5/databases/(default)/collectionGroups/-/indexes [none]
[debug] [2024-11-05T07:29:39.790Z] >>> [apiv2][query] GET https://firestore.googleapis.com/v1/projects/login-2dac5/databases/(default)/collectionGroups/-/fields?filter=indexConfig.usesAncestorConfig=false OR ttlConfig:* [none]
[debug] [2024-11-05T07:29:41.152Z] <<< [apiv2][status] GET https://firestore.googleapis.com/v1/projects/login-2dac5/databases/(default)/collectionGroups/-/indexes 200
[debug] [2024-11-05T07:29:41.152Z] <<< [apiv2][body] GET https://firestore.googleapis.com/v1/projects/login-2dac5/databases/(default)/collectionGroups/-/indexes {}
[debug] [2024-11-05T07:29:41.152Z] <<< [apiv2][status] GET https://firestore.googleapis.com/v1/projects/login-2dac5/databases/(default)/collectionGroups/-/fields?filter=indexConfig.usesAncestorConfig=false OR ttlConfig:* 200
[debug] [2024-11-05T07:29:41.152Z] <<< [apiv2][body] GET https://firestore.googleapis.com/v1/projects/login-2dac5/databases/(default)/collectionGroups/-/fields?filter=indexConfig.usesAncestorConfig=false OR ttlConfig:* {"fields":[{"name":"projects/login-2dac5/databases/(default)/collectionGroups/__default__/fields/*","indexConfig":{"indexes":[{"queryScope":"COLLECTION","fields":[{"fieldPath":"*","order":"ASCENDING"}],"state":"READY"},{"queryScope":"COLLECTION","fields":[{"fieldPath":"*","order":"DESCENDING"}],"state":"READY"},{"queryScope":"COLLECTION","fields":[{"fieldPath":"*","arrayConfig":"CONTAINS"}],"state":"READY"}]}}]}
[info] 
=== Genkit Setup
[debug] [2024-11-05T07:29:44.468Z] > command requires scopes: ["email","openid","https://www.googleapis.com/auth/cloudplatformprojects.readonly","https://www.googleapis.com/auth/firebase","https://www.googleapis.com/auth/cloud-platform"]
[debug] [2024-11-05T07:29:44.469Z] > authorizing via signed-in user (yapnc1008@gmail.com)
[debug] [2024-11-05T07:29:44.469Z] [iam] checking project login-2dac5 for permissions ["firebase.projects.get"]
[debug] [2024-11-05T07:29:44.469Z] Checked if tokens are valid: true, expires at: 1730794463625
[debug] [2024-11-05T07:29:44.469Z] Checked if tokens are valid: true, expires at: 1730794463625
[debug] [2024-11-05T07:29:44.469Z] >>> [apiv2][query] POST https://cloudresourcemanager.googleapis.com/v1/projects/login-2dac5:testIamPermissions [none]
[debug] [2024-11-05T07:29:44.469Z] >>> [apiv2][(partial)header] POST https://cloudresourcemanager.googleapis.com/v1/projects/login-2dac5:testIamPermissions x-goog-quota-user=projects/login-2dac5
[debug] [2024-11-05T07:29:44.469Z] >>> [apiv2][body] POST https://cloudresourcemanager.googleapis.com/v1/projects/login-2dac5:testIamPermissions {"permissions":["firebase.projects.get"]}
[debug] [2024-11-05T07:29:45.509Z] <<< [apiv2][status] POST https://cloudresourcemanager.googleapis.com/v1/projects/login-2dac5:testIamPermissions 200
[debug] [2024-11-05T07:29:45.509Z] <<< [apiv2][body] POST https://cloudresourcemanager.googleapis.com/v1/projects/login-2dac5:testIamPermissions {"permissions":["firebase.projects.get"]}
[debug] [2024-11-05T07:29:45.510Z] Checked if tokens are valid: true, expires at: 1730794463625
[debug] [2024-11-05T07:29:45.510Z] Checked if tokens are valid: true, expires at: 1730794463625
[debug] [2024-11-05T07:29:45.510Z] Checked if tokens are valid: true, expires at: 1730794463625
[debug] [2024-11-05T07:29:45.510Z] Checked if tokens are valid: true, expires at: 1730794463625
[debug] [2024-11-05T07:29:45.510Z] >>> [apiv2][query] GET https://serviceusage.googleapis.com/v1/projects/login-2dac5/services/cloudfunctions.googleapis.com [none]
[debug] [2024-11-05T07:29:45.510Z] >>> [apiv2][(partial)header] GET https://serviceusage.googleapis.com/v1/projects/login-2dac5/services/cloudfunctions.googleapis.com x-goog-quota-user=projects/login-2dac5
[debug] [2024-11-05T07:29:45.512Z] >>> [apiv2][query] GET https://serviceusage.googleapis.com/v1/projects/login-2dac5/services/runtimeconfig.googleapis.com [none]
[debug] [2024-11-05T07:29:45.512Z] >>> [apiv2][(partial)header] GET https://serviceusage.googleapis.com/v1/projects/login-2dac5/services/runtimeconfig.googleapis.com x-goog-quota-user=projects/login-2dac5
[debug] [2024-11-05T07:29:46.927Z] <<< [apiv2][status] GET https://serviceusage.googleapis.com/v1/projects/login-2dac5/services/runtimeconfig.googleapis.com 200
[debug] [2024-11-05T07:29:46.928Z] <<< [apiv2][body] GET https://serviceusage.googleapis.com/v1/projects/login-2dac5/services/runtimeconfig.googleapis.com [omitted]
[debug] [2024-11-05T07:29:46.934Z] <<< [apiv2][status] GET https://serviceusage.googleapis.com/v1/projects/login-2dac5/services/cloudfunctions.googleapis.com 200
[debug] [2024-11-05T07:29:46.934Z] <<< [apiv2][body] GET https://serviceusage.googleapis.com/v1/projects/login-2dac5/services/cloudfunctions.googleapis.com [omitted]
[debug] [2024-11-05T07:29:46.935Z] Checked if tokens are valid: true, expires at: 1730794463625
[debug] [2024-11-05T07:29:46.935Z] Checked if tokens are valid: true, expires at: 1730794463625
[debug] [2024-11-05T07:29:46.935Z] >>> [apiv2][query] POST https://serviceusage.googleapis.com/v1/projects/login-2dac5/services/cloudfunctions.googleapis.com:enable [none]
[debug] [2024-11-05T07:29:46.935Z] >>> [apiv2][(partial)header] POST https://serviceusage.googleapis.com/v1/projects/login-2dac5/services/cloudfunctions.googleapis.com:enable x-goog-quota-user=projects/login-2dac5
[debug] [2024-11-05T07:29:48.430Z] <<< [apiv2][status] POST https://serviceusage.googleapis.com/v1/projects/login-2dac5/services/cloudfunctions.googleapis.com:enable 200
[debug] [2024-11-05T07:29:48.430Z] <<< [apiv2][body] POST https://serviceusage.googleapis.com/v1/projects/login-2dac5/services/cloudfunctions.googleapis.com:enable [omitted]
[debug] [2024-11-05T07:29:58.446Z] Checked if tokens are valid: true, expires at: 1730794463625
[debug] [2024-11-05T07:29:58.446Z] Checked if tokens are valid: true, expires at: 1730794463625
[debug] [2024-11-05T07:29:58.446Z] >>> [apiv2][query] GET https://serviceusage.googleapis.com/v1/projects/login-2dac5/services/cloudfunctions.googleapis.com [none]
[debug] [2024-11-05T07:29:58.446Z] >>> [apiv2][(partial)header] GET https://serviceusage.googleapis.com/v1/projects/login-2dac5/services/cloudfunctions.googleapis.com x-goog-quota-user=projects/login-2dac5
[debug] [2024-11-05T07:29:59.872Z] <<< [apiv2][status] GET https://serviceusage.googleapis.com/v1/projects/login-2dac5/services/cloudfunctions.googleapis.com 200
[debug] [2024-11-05T07:29:59.872Z] <<< [apiv2][body] GET https://serviceusage.googleapis.com/v1/projects/login-2dac5/services/cloudfunctions.googleapis.com [omitted]
[info] Let's create a new codebase for your functions.
[info] A directory corresponding to the codebase will be created in your project
[info] with sample code pre-configured.

[info] See https://firebase.google.com/docs/functions/organize-functions for
[info] more information on organizing your functions using codebases.

[info] Functions can be deployed with firebase deploy.

[info] +  Wrote functions/package.json 
[info] +  Wrote functions/.eslintrc.js 
[info] +  Wrote functions/tsconfig.json 
[info] +  Wrote functions/tsconfig.dev.json 
[info] +  Wrote functions/src/index.ts 
[info] +  Wrote functions/.gitignore  
[info] 
[info] Installing Genkit CLI
[info] Start the Genkit developer experience by running:
[info]     cd functions && genkit start
[info] 
=== Functions Setup
[debug] [2024-11-05T07:55:17.535Z] > command requires scopes: ["email","openid","https://www.googleapis.com/auth/cloudplatformprojects.readonly","https://www.googleapis.com/auth/firebase","https://www.googleapis.com/auth/cloud-platform"]
[debug] [2024-11-05T07:55:17.535Z] > authorizing via signed-in user (yapnc1008@gmail.com)
[debug] [2024-11-05T07:55:17.535Z] [iam] checking project login-2dac5 for permissions ["firebase.projects.get"]
[debug] [2024-11-05T07:55:17.535Z] Checked if tokens are valid: true, expires at: 1730794463625
[debug] [2024-11-05T07:55:17.535Z] Checked if tokens are valid: true, expires at: 1730794463625
[debug] [2024-11-05T07:55:17.535Z] >>> [apiv2][query] POST https://cloudresourcemanager.googleapis.com/v1/projects/login-2dac5:testIamPermissions [none]
[debug] [2024-11-05T07:55:17.535Z] >>> [apiv2][(partial)header] POST https://cloudresourcemanager.googleapis.com/v1/projects/login-2dac5:testIamPermissions x-goog-quota-user=projects/login-2dac5
[debug] [2024-11-05T07:55:17.535Z] >>> [apiv2][body] POST https://cloudresourcemanager.googleapis.com/v1/projects/login-2dac5:testIamPermissions {"permissions":["firebase.projects.get"]}
[debug] [2024-11-05T07:55:18.597Z] <<< [apiv2][status] POST https://cloudresourcemanager.googleapis.com/v1/projects/login-2dac5:testIamPermissions 200
[debug] [2024-11-05T07:55:18.597Z] <<< [apiv2][body] POST https://cloudresourcemanager.googleapis.com/v1/projects/login-2dac5:testIamPermissions {"permissions":["firebase.projects.get"]}
[debug] [2024-11-05T07:55:18.597Z] Checked if tokens are valid: true, expires at: 1730794463625
[debug] [2024-11-05T07:55:18.597Z] Checked if tokens are valid: true, expires at: 1730794463625
[debug] [2024-11-05T07:55:18.597Z] Checked if tokens are valid: true, expires at: 1730794463625
[debug] [2024-11-05T07:55:18.597Z] Checked if tokens are valid: true, expires at: 1730794463625 
[debug] [2024-11-05T07:55:18.598Z] >>> [apiv2][query] GET https://serviceusage.googleapis.com/v1/projects/login-2dac5/services/cloudfunctions.googleapis.com [none]
[debug] [2024-11-05T07:55:18.598Z] >>> [apiv2][(partial)header] GET https://serviceusage.googleapis.com/v1/projects/login-2dac5/services/cloudfunctions.googleapis.com x-goog-quota-user=projects/login-2dac5
[debug] [2024-11-05T07:55:18.599Z] >>> [apiv2][query] GET https://serviceusage.googleapis.com/v1/projects/login-2dac5/services/runtimeconfig.googleapis.com [none]
[debug] [2024-11-05T07:55:18.599Z] >>> [apiv2][(partial)header] GET https://serviceusage.googleapis.com/v1/projects/login-2dac5/services/runtimeconfig.googleapis.com x-goog-quota-user=projects/login-2dac5
[debug] [2024-11-05T07:55:20.018Z] <<< [apiv2][status] GET https://serviceusage.googleapis.com/v1/projects/login-2dac5/services/runtimeconfig.googleapis.com 200
[debug] [2024-11-05T07:55:20.018Z] <<< [apiv2][body] GET https://serviceusage.googleapis.com/v1/projects/login-2dac5/services/runtimeconfig.googleapis.com [omitted]
[debug] [2024-11-05T07:55:20.026Z] <<< [apiv2][status] GET https://serviceusage.googleapis.com/v1/projects/login-2dac5/services/cloudfunctions.googleapis.com 200
[debug] [2024-11-05T07:55:20.027Z] <<< [apiv2][body] GET https://serviceusage.googleapis.com/v1/projects/login-2dac5/services/cloudfunctions.googleapis.com [omitted]
[info] 
Detected existing codebase(s): default

[info] Let's create a new codebase for your functions.
[info] A directory corresponding to the codebase will be created in your project
[info] with sample code pre-configured.

[info] See https://firebase.google.com/docs/functions/organize-functions for
[info] more information on organizing your functions using codebases.

[info] Functions can be deployed with firebase deploy.

[error] Invalid codebase name. Codebase must be less than 64 characters and can contain only lowercase letters, numeric characters, underscores, and dashes.
[info] +  Wrote skl_codebase/package.json 
[info] +  Wrote skl_codebase/.eslintrc.js 
[info] +  Wrote skl_codebase/index.js 
[info] +  Wrote skl_codebase/.gitignore 
[info] 
=== Apphosting Setup
[debug] [2024-11-05T07:58:12.135Z] Checked if tokens are valid: true, expires at: 1730794463625
[debug] [2024-11-05T07:58:12.135Z] Checked if tokens are valid: true, expires at: 1730794463625
[debug] [2024-11-05T07:58:12.135Z] >>> [apiv2][query] GET https://cloudbilling.googleapis.com/v1/projects/login-2dac5/billingInfo [none]
[debug] [2024-11-05T07:58:13.444Z] <<< [apiv2][status] GET https://cloudbilling.googleapis.com/v1/projects/login-2dac5/billingInfo 200
[debug] [2024-11-05T07:58:13.444Z] <<< [apiv2][body] GET https://cloudbilling.googleapis.com/v1/projects/login-2dac5/billingInfo {"name":"projects/login-2dac5/billingInfo","projectId":"login-2dac5","billingAccountName":"","billingEnabled":false}
[info] i  Writing default settings to apphosting.yaml... 
[info] +  Wrote apphosting.yaml 
[info] +  Create a new App Hosting backend with `firebase apphosting:backends:create` 
[info] 
=== Hosting Setup
[debug] [2024-11-05T07:58:13.450Z] Checked if tokens are valid: true, expires at: 1730794463625
[debug] [2024-11-05T07:58:13.451Z] Checked if tokens are valid: true, expires at: 1730794463625
[debug] [2024-11-05T07:58:13.451Z] >>> [apiv2][query] GET https://firebase.googleapis.com/v1beta1/projects/login-2dac5 [none]
[debug] [2024-11-05T07:58:14.135Z] <<< [apiv2][status] GET https://firebase.googleapis.com/v1beta1/projects/login-2dac5 200
[debug] [2024-11-05T07:58:14.135Z] <<< [apiv2][body] GET https://firebase.googleapis.com/v1beta1/projects/login-2dac5 {"projectId":"login-2dac5","projectNumber":"10552598791","displayName":"google-login","name":"projects/login-2dac5","resources":{"hostingSite":"login-2dac5"},"state":"ACTIVE","etag":"1_c95e644f-e890-45fb-9a20-d0458e427ac2"}
[info] 
[info] Your public directory is the folder (relative to your project directory) that
[info] will contain Hosting assets to be uploaded with firebase deploy. If you
[info] have a build process for your assets, use your build's output directory.
[info] 
[debug] [2024-11-05T07:59:31.783Z] >>> [apiv2][query] GET https://www.gstatic.com/firebasejs/releases.json [none]
[debug] [2024-11-05T07:59:31.856Z] <<< [apiv2][status] GET https://www.gstatic.com/firebasejs/releases.json 200
[debug] [2024-11-05T07:59:31.857Z] <<< [apiv2][body] GET https://www.gstatic.com/firebasejs/releases.json {"current":{"version":"11.0.1","browserURL":"https://www.gstatic.com/firebasejs/11.0.1/firebase.js","packageURL":"https://www.gstatic.com/firebasejs/11.0.1/firebase.tgz"},"live":{"version":"11.0","browserURL":"https://www.gstatic.com/firebasejs/live/11.0/firebase.js","packageURL":"https://www.gstatic.com/firebasejs/live/11.0/firebase.tgz"},"components":{"analytics":"https://www.gstatic.com/firebasejs/11.0.1/firebase-analytics.js","app":"https://www.gstatic.com/firebasejs/11.0.1/firebase-app.js","app-check":"https://www.gstatic.com/firebasejs/11.0.1/firebase-app-check.js","auth":"https://www.gstatic.com/firebasejs/11.0.1/firebase-auth.js","auth/cordova":"https://www.gstatic.com/firebasejs/11.0.1/firebase-auth/cordova.js","auth/web-extension":"https://www.gstatic.com/firebasejs/11.0.1/firebase-auth/web-extension.js","functions":"https://www.gstatic.com/firebasejs/11.0.1/firebase-functions.js","firestore":"https://www.gstatic.com/firebasejs/11.0.1/firebase-firestore.js","firestore/lite":"https://www.gstatic.com/firebasejs/11.0.1/firebase-firestore/lite.js","installations":"https://www.gstatic.com/firebasejs/11.0.1/firebase-installations.js","storage":"https://www.gstatic.com/firebasejs/11.0.1/firebase-storage.js","performance":"https://www.gstatic.com/firebasejs/11.0.1/firebase-performance.js","remote-config":"https://www.gstatic.com/firebasejs/11.0.1/firebase-remote-config.js","messaging":"https://www.gstatic.com/firebasejs/11.0.1/firebase-messaging.js","messaging/sw":"https://www.gstatic.com/firebasejs/11.0.1/firebase-messaging/sw.js","database":"https://www.gstatic.com/firebasejs/11.0.1/firebase-database.js","vertexai":"https://www.gstatic.com/firebasejs/11.0.1/firebase-vertexai.js","data-connect":"https://www.gstatic.com/firebasejs/11.0.1/firebase-data-connect.js","firestore.memory":"https://www.gstatic.com/firebasejs/11.0.1/firebase-firestore.memory.js"}}
[info] +  Wrote public/index.html 
[info] 
[info] i  Detected a .git folder at C:\xampp\htdocs\skweb 
[info] i  Authorizing with GitHub to upload your service account to a GitHub repository's secrets store. 
[info] 
[info] Visit this URL on this device to log in:
[info] https://github.com/login/oauth/authorize?client_id=89cf50f02ac6aaed3484&state=747436713&redirect_uri=http%3A%2F%2Flocalhost%3A9005&scope=read%3Auser%20repo%20public_repo
[info] 
[info] Waiting for authentication...
[debug] [2024-11-05T07:59:42.167Z] >>> [apiv2][query] POST https://github.com/login/oauth/access_token [none]
[debug] [2024-11-05T07:59:42.168Z] >>> [apiv2][body] POST https://github.com/login/oauth/access_token [stream]
[debug] [2024-11-05T07:59:42.558Z] <<< [apiv2][status] POST https://github.com/login/oauth/access_token 200
[debug] [2024-11-05T07:59:42.558Z] <<< [apiv2][body] POST https://github.com/login/oauth/access_token {"access_token":"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","token_type":"bearer","scope":"read:user,repo"}
[debug] [2024-11-05T07:59:42.563Z] >>> [apiv2][query] GET https://api.github.com/user [none]
[debug] [2024-11-05T07:59:42.983Z] <<< [apiv2][status] GET https://api.github.com/user 200
[debug] [2024-11-05T07:59:42.983Z] <<< [apiv2][body] GET https://api.github.com/user {"login":"SKL_admin","id":187355346,"node_id":"U_kgDOCyrQ0g","avatar_url":"https://avatars.githubusercontent.com/u/187355346?v=4","gravatar_id":"","url":"https://api.github.com/users/SKL_admin","html_url":"https://github.com/SKL_admin","followers_url":"https://api.github.com/users/SKL_admin/followers","following_url":"https://api.github.com/users/SKL_admin/following{/other_user}","gists_url":"https://api.github.com/users/SKL_admin/gists{/gist_id}","starred_url":"https://api.github.com/users/SKL_admin/starred{/owner}{/repo}","subscriptions_url":"https://api.github.com/users/SKL_admin/subscriptions","organizations_url":"https://api.github.com/users/SKL_admin/orgs","repos_url":"https://api.github.com/users/SKL_admin/repos","events_url":"https://api.github.com/users/SKL_admin/events{/privacy}","received_events_url":"https://api.github.com/users/SKL_admin/received_events","type":"User","user_view_type":"private","site_admin":false,"name":null,"company":null,"blog":"","location":null,"email":"yapnc1008+SKL-admin@gmail.com","hireable":null,"bio":null,"twitter_username":null,"notification_email":"yapnc1008@gmail.com","public_repos":0,"public_gists":0,"followers":0,"following":0,"created_at":"2024-11-05T03:15:36Z","updated_at":"2024-11-05T03:16:02Z","private_gists":0,"total_private_repos":1,"owned_private_repos":1,"disk_usage":96,"collaborators":0,"two_factor_authentication":false,"plan":{"name":"emu_user","space":976562499,"collaborators":0,"private_repos":10000}}
[info] 
[info] +  Success! Logged into GitHub as SKL_admin 
[info] 
[debug] [2024-11-05T07:59:51.574Z] >>> [apiv2][query] GET https://api.github.com/repos//actions/secrets/public-key type=owner
[debug] [2024-11-05T07:59:51.891Z] <<< [apiv2][status] GET https://api.github.com/repos//actions/secrets/public-key 404
[debug] [2024-11-05T07:59:51.891Z] <<< [apiv2][body] GET https://api.github.com/repos//actions/secrets/public-key {"message":"Not Found","documentation_url":"https://docs.github.com/rest","status":"404"}
[info] 
[info]        
[error] !  The provided authorization cannot be used with this repository. If this repository is in an organization, did you remember to grant access? 
[info] 
[info] i  Action required: Visit this URL to ensure access has been granted to the appropriate organization(s) for the Firebase CLI GitHub OAuth App: 
[info] https://github.com/settings/connections/applications/89cf50f02ac6aaed3484
[info] 
[debug] [2024-11-05T08:00:05.423Z] >>> [apiv2][query] GET https://api.github.com/repos//actions/secrets/public-key type=owner 
[debug] [2024-11-05T08:00:05.756Z] <<< [apiv2][status] GET https://api.github.com/repos//actions/secrets/public-key 404
[debug] [2024-11-05T08:00:05.756Z] <<< [apiv2][body] GET https://api.github.com/repos//actions/secrets/public-key {"message":"Not Found","documentation_url":"https://docs.github.com/rest","status":"404"}
[info] 
[info] 
[error] !  The provided authorization cannot be used with this repository. If this repository is in an organization, did you remember to grant access? 
[info] 
[info] i  Action required: Visit this URL to ensure access has been granted to the appropriate organization(s) for the Firebase CLI GitHub OAuth App: 
[info] https://github.com/settings/connections/applications/89cf50f02ac6aaed3484
[info] 
[debug] [2024-11-05T08:00:26.654Z] >>> [apiv2][query] GET https://api.github.com/repos//actions/secrets/public-key type=owner
[debug] [2024-11-05T08:00:27.022Z] <<< [apiv2][status] GET https://api.github.com/repos//actions/secrets/public-key 404
[debug] [2024-11-05T08:00:27.022Z] <<< [apiv2][body] GET https://api.github.com/repos//actions/secrets/public-key {"message":"Not Found","documentation_url":"https://docs.github.com/rest","status":"404"}
[info] 
[info] 
[error] !  The provided authorization cannot be used with this repository. If this repository is in an organization, did you remember to grant access? 
[info] 
[info] i  Action required: Visit this URL to ensure access has been granted to the appropriate organization(s) for the Firebase CLI GitHub OAuth App: 
[info] https://github.com/settings/connections/applications/89cf50f02ac6aaed3484
[info] 
[debug] [2024-11-05T08:01:32.725Z] >>> [apiv2][query] GET https://api.github.com/repos//actions/secrets/public-key type=owner
[debug] [2024-11-05T08:01:33.042Z] <<< [apiv2][status] GET https://api.github.com/repos//actions/secrets/public-key 404  
[debug] [2024-11-05T08:01:33.042Z] <<< [apiv2][body] GET https://api.github.com/repos//actions/secrets/public-key {"message":"Not Found","documentation_url":"https://docs.github.com/rest","status":"404"}
[info] 
[info] 
[error] !  The provided authorization cannot be used with this repository. If this repository is in an organization, did you remember to grant access? 
[info] 
[info] i  Action required: Visit this URL to ensure access has been granted to the appropriate organization(s) for the Firebase CLI GitHub OAuth App: 
[info] https://github.com/settings/connections/applications/89cf50f02ac6aaed3484
[info] 
[debug] [2024-11-05T08:07:54.009Z] >>> [apiv2][query] GET https://api.github.com/repos//actions/secrets/public-key type=owner
[debug] [2024-11-05T08:07:54.340Z] <<< [apiv2][status] GET https://api.github.com/repos//actions/secrets/public-key 404
[debug] [2024-11-05T08:07:54.340Z] <<< [apiv2][body] GET https://api.github.com/repos//actions/secrets/public-key {"message":"Not Found","documentation_url":"https://docs.github.com/rest","status":"404"}
[info] 
[info] 
[error] !  The provided authorization cannot be used with this repository. If this repository is in an organization, did you remember to grant access? 
[info] 
[info] i  Action required: Visit this URL to ensure access has been granted to the appropriate organization(s) for the Firebase CLI GitHub OAuth App: 
[info] https://github.com/settings/connections/applications/89cf50f02ac6aaed3484
[info] 
[debug] [2024-11-05T08:10:27.760Z] >>> [apiv2][query] GET https://api.github.com/repos//actions/secrets/public-key type=owner
[debug] [2024-11-05T08:10:28.073Z] <<< [apiv2][status] GET https://api.github.com/repos//actions/secrets/public-key 403
[debug] [2024-11-05T08:10:28.073Z] <<< [apiv2][body] GET https://api.github.com/repos//actions/secrets/public-key {"message":"Sorry. Your account was suspended.","documentation_url":"https://docs.github.com/rest","status":"403"}
[info] 
[info] 
[error] !  The provided authorization cannot be used with this repository. If this repository is in an organization, did you remember to grant access? 
[info] 
[info] i  Action required: Visit this URL to ensure access has been granted to the appropriate organization(s) for the Firebase CLI GitHub OAuth App: 
[info] https://github.com/settings/connections/applications/89cf50f02ac6aaed3484  
[info] 
[debug] [2024-11-05T08:14:50.628Z] >>> [apiv2][query] GET https://api.github.com/repos/sinkungYap/SkYap/actions/secrets/public-key type=owner
[debug] [2024-11-05T08:14:50.931Z] <<< [apiv2][status] GET https://api.github.com/repos/sinkungYap/SkYap/actions/secrets/public-key 403
[debug] [2024-11-05T08:14:50.931Z] <<< [apiv2][body] GET https://api.github.com/repos/sinkungYap/SkYap/actions/secrets/public-key {"message":"Sorry. Your account was suspended.","documentation_url":"https://docs.github.com/rest","status":"403"}
[info] 
[info] 
[error] !  The provided authorization cannot be used with this repository. If this repository is in an organization, did you remember to grant access? 
[info] 
[info] i  Action required: Visit this URL to ensure access has been granted to the appropriate organization(s) for the Firebase CLI GitHub OAuth App: 
[info] https://github.com/settings/connections/applications/89cf50f02ac6aaed3484
[info] 
